c:\users\logis\documents\primitive\primitive\x64\release\vc142.pdb
c:\users\logis\documents\primitive\primitive\x64\release\main.obj
c:\users\logis\documents\primitive\primitive\x64\release\externalmodel.obj
c:\users\logis\documents\primitive\primitive\x64\release\window.obj
c:\users\logis\documents\primitive\primitive\x64\release\texture.obj
c:\users\logis\documents\primitive\primitive\x64\release\sound.obj
c:\users\logis\documents\primitive\primitive\x64\release\shader.obj
c:\users\logis\documents\primitive\primitive\x64\release\model.obj
c:\users\logis\documents\primitive\primitive\x64\release\mesh.obj
c:\users\logis\documents\primitive\primitive\x64\release\input.obj
c:\users\logis\documents\primitive\primitive\x64\release\game.obj
c:\users\logis\documents\primitive\primitive\x64\release\core.obj
c:\users\logis\documents\primitive\primitive\x64\release\collider.obj
c:\users\logis\documents\primitive\primitive\x64\release\camera.obj
c:\users\logis\documents\primitive\primitive\x64\release\imgui_widgets.obj
c:\users\logis\documents\primitive\primitive\x64\release\imgui_draw.obj
c:\users\logis\documents\primitive\primitive\x64\release\imgui.obj
c:\users\logis\documents\primitive\primitive\x64\release\imgui_impl_opengl3.obj
c:\users\logis\documents\primitive\primitive\x64\release\imgui_impl_glfw.obj
c:\users\logis\documents\primitive\x64\release\primitive.ipdb
c:\users\logis\documents\primitive\x64\release\primitive.iobj
c:\users\logis\documents\primitive\x64\release\primitive.pdb
c:\users\logis\documents\primitive\x64\release\primitive.exe
c:\users\logis\documents\primitive\primitive\x64\release\primitive.tlog\cl.command.1.tlog
c:\users\logis\documents\primitive\primitive\x64\release\primitive.tlog\cl.read.1.tlog
c:\users\logis\documents\primitive\primitive\x64\release\primitive.tlog\cl.write.1.tlog
c:\users\logis\documents\primitive\primitive\x64\release\primitive.tlog\link.command.1.tlog
c:\users\logis\documents\primitive\primitive\x64\release\primitive.tlog\link.delete.1.tlog
c:\users\logis\documents\primitive\primitive\x64\release\primitive.tlog\link.read.1.tlog
c:\users\logis\documents\primitive\primitive\x64\release\primitive.tlog\link.write.1.tlog
c:\users\logis\documents\primitive\primitive\x64\release\primitive.tlog\primitive.write.1u.tlog
